<?xml version="1.0" encoding="UTF-8"?>
<testng-results total="1" passed="1" failed="0" skipped="0">
  <reporter-output>
  </reporter-output>
  <suite started-at="2019-08-12T10:59:37Z" name="Default suite" finished-at="2019-08-12T10:59:37Z" duration-ms="26">
    <groups>
    </groups>
    <test started-at="2019-08-12T10:59:37Z" name="Default test" finished-at="2019-08-12T10:59:37Z" duration-ms="26">
      <class name="testNG_scenarios_dummytestcases.TestDummy2">
        <test-method is-config="true" signature="beforeSuite()[pri:0, instance:testNG_scenarios_dummytestcases.TestDummy2@60611244]" started-at="2019-08-12T16:29:37Z" name="beforeSuite" finished-at="2019-08-12T16:29:37Z" duration-ms="9" status="PASS">
          <reporter-output>
          </reporter-output>
        </test-method> <!-- beforeSuite -->
        <test-method is-config="true" signature="beforeTest()[pri:0, instance:testNG_scenarios_dummytestcases.TestDummy2@60611244]" started-at="2019-08-12T16:29:37Z" name="beforeTest" finished-at="2019-08-12T16:29:37Z" duration-ms="1" status="PASS">
          <reporter-output>
          </reporter-output>
        </test-method> <!-- beforeTest -->
        <test-method signature="dummy()[pri:0, instance:testNG_scenarios_dummytestcases.TestDummy2@60611244]" started-at="2019-08-12T16:29:37Z" name="dummy" finished-at="2019-08-12T16:29:37Z" duration-ms="8" status="PASS">
          <reporter-output>
          </reporter-output>
        </test-method> <!-- dummy -->
        <test-method is-config="true" signature="afterTest()[pri:0, instance:testNG_scenarios_dummytestcases.TestDummy2@60611244]" started-at="2019-08-12T16:29:37Z" name="afterTest" finished-at="2019-08-12T16:29:37Z" duration-ms="1" status="PASS">
          <reporter-output>
          </reporter-output>
        </test-method> <!-- afterTest -->
        <test-method is-config="true" signature="afterSuite()[pri:0, instance:testNG_scenarios_dummytestcases.TestDummy2@60611244]" started-at="2019-08-12T16:29:37Z" name="afterSuite" finished-at="2019-08-12T16:29:37Z" duration-ms="1" status="PASS">
          <reporter-output>
          </reporter-output>
        </test-method> <!-- afterSuite -->
      </class> <!-- testNG_scenarios_dummytestcases.TestDummy2 -->
    </test> <!-- Default test -->
  </suite> <!-- Default suite -->
</testng-results>
